<?xml version="1.0" encoding="UTF-8"?>
<!-- Generated by org.testng.reporters.JUnitReportReporter -->
<testsuite skipped="0" hostname="DESKTOP-S6UVQG8" name="Test.TestCase.TestCase" tests="3" failures="0" timestamp="05 Jun 2020 13:55:53 GMT" time="6.177" errors="0">
  <testcase name="test2" time="2.454" classname="Test.TestCase.TestCase"/>
  <testcase name="test1" time="1.712" classname="Test.TestCase.TestCase"/>
  <testcase name="test3" time="2.011" classname="Test.TestCase.TestCase"/>
</testsuite> <!-- Test.TestCase.TestCase -->
